<?xml version="1.0" encoding="UTF-8"?>
<testng-results ignored="0" total="1" passed="1" failed="0" skipped="0">
  <reporter-output>
  </reporter-output>
  <suite started-at="2023-07-11T12:48:13 IST" name="Default suite" finished-at="2023-07-11T12:48:20 IST" duration-ms="7169">
    <groups>
    </groups>
    <test started-at="2023-07-11T12:48:13 IST" name="Default test" finished-at="2023-07-11T12:48:20 IST" duration-ms="7169">
      <class name="Base.Base_Class">
        <test-method signature="setup()[pri:0, instance:Base.Base_Class@312aa7c]" started-at="2023-07-11T12:48:13 IST" name="setup" finished-at="2023-07-11T12:48:20 IST" duration-ms="7117" status="PASS">
          <reporter-output>
          </reporter-output>
        </test-method> <!-- setup -->
      </class> <!-- Base.Base_Class -->
    </test> <!-- Default test -->
  </suite> <!-- Default suite -->
</testng-results>
